    ======  ======
    Time:9/18/2022 4:19:56 PM
    Title: Initiate log
    Message: 
    Time:9/18/2022 4:19:56 PM
    Title: Initiate InternalManager
    Message: Trying to Validate License
    Time:9/18/2022 4:19:56 PM
    Title: Requesting EVT
    Message: EVTP
    Time:9/18/2022 4:19:56 PM
    Title: Requesting Validation
    Message: ILMValidate
    Time:9/18/2022 4:19:56 PM
    Title: LICENSER
    Message: FNF
    Time:9/18/2022 4:19:57 PM
    Title: Access to the path 'C:\ProgramData\Telerik\Hash.lic' is denied.
    Message:    at System.IO.__Error.WinIOError(Int32 errorCode, String maybeFullPath)
   at System.IO.FileStream.Init(String path, FileMode mode, FileAccess access, Int32 rights, Boolean useRights, FileShare share, Int32 bufferSize, FileOptions options, SECURITY_ATTRIBUTES secAttrs, String msgPath, Boolean bFromProxy, Boolean useLongPath, Boolean checkHost)
   at System.IO.FileStream..ctor(String path, FileMode mode, FileAccess access, FileShare share)
   at Telerik.Licensing.Licenser.ReadHashPass()
    Time:9/18/2022 4:19:57 PM
    Title: Access to the path 'C:\ProgramData\Telerik\Hash.lic' is denied.
    Message:    at System.IO.__Error.WinIOError(Int32 errorCode, String maybeFullPath)
   at System.IO.FileStream.Init(String path, FileMode mode, FileAccess access, Int32 rights, Boolean useRights, FileShare share, Int32 bufferSize, FileOptions options, SECURITY_ATTRIBUTES secAttrs, String msgPath, Boolean bFromProxy, Boolean useLongPath, Boolean checkHost)
   at System.IO.FileStream..ctor(String path, FileMode mode, FileAccess access, FileShare share)
   at Telerik.Licensing.Licenser.ReadHashPass()
    devenv.exe Warning: 0 : EnvDTE.OutputWindowPane GetOutputWindowPane(System.String, Boolean): exception thrown while getting output window pane 'JustMock': System.Runtime.InteropServices.COMException (0x80010108): The object invoked has disconnected from its clients. (Exception from HRESULT: 0x80010108 (RPC_E_DISCONNECTED))
   at EnvDTE80.DTE2.get_Windows()
   at Telerik.JustMock.VS.Async.JustMockPackageImplementation.GetOutputWindowPane(String name, Boolean activate)
